[2017-01-22 03:04:08,753] TRACE [Controller 0]: checking need to trigger partition rebalance (kafka.controller.KafkaController)
[2017-01-22 03:04:08,766] DEBUG [Controller 0]: preferred replicas by broker Map(0 -> Map([twitterStream,0] -> List(0), [twitterstream,0] -> List(0))) (kafka.controller.KafkaController)
[2017-01-22 03:04:08,766] DEBUG [Controller 0]: topics not in preferred replica Map() (kafka.controller.KafkaController)
[2017-01-22 03:04:08,766] TRACE [Controller 0]: leader imbalance ratio for broker 0 is 0.000000 (kafka.controller.KafkaController)
[2017-01-22 03:09:08,763] TRACE [Controller 0]: checking need to trigger partition rebalance (kafka.controller.KafkaController)
[2017-01-22 03:09:08,764] DEBUG [Controller 0]: preferred replicas by broker Map(0 -> Map([twitterStream,0] -> List(0), [twitterstream,0] -> List(0))) (kafka.controller.KafkaController)
[2017-01-22 03:09:08,764] DEBUG [Controller 0]: topics not in preferred replica Map() (kafka.controller.KafkaController)
[2017-01-22 03:09:08,764] TRACE [Controller 0]: leader imbalance ratio for broker 0 is 0.000000 (kafka.controller.KafkaController)
[2017-01-22 03:14:08,775] TRACE [Controller 0]: checking need to trigger partition rebalance (kafka.controller.KafkaController)
[2017-01-22 03:14:08,776] DEBUG [Controller 0]: preferred replicas by broker Map(0 -> Map([twitterStream,0] -> List(0), [twitterstream,0] -> List(0))) (kafka.controller.KafkaController)
[2017-01-22 03:14:08,776] DEBUG [Controller 0]: topics not in preferred replica Map() (kafka.controller.KafkaController)
[2017-01-22 03:14:08,776] TRACE [Controller 0]: leader imbalance ratio for broker 0 is 0.000000 (kafka.controller.KafkaController)
[2017-01-22 03:19:08,783] TRACE [Controller 0]: checking need to trigger partition rebalance (kafka.controller.KafkaController)
[2017-01-22 03:19:08,783] DEBUG [Controller 0]: preferred replicas by broker Map(0 -> Map([twitterStream,0] -> List(0), [twitterstream,0] -> List(0))) (kafka.controller.KafkaController)
[2017-01-22 03:19:08,783] DEBUG [Controller 0]: topics not in preferred replica Map() (kafka.controller.KafkaController)
[2017-01-22 03:19:08,783] TRACE [Controller 0]: leader imbalance ratio for broker 0 is 0.000000 (kafka.controller.KafkaController)
[2017-01-22 03:22:07,022] INFO [Controller 0]: Shutting down broker 0 (kafka.controller.KafkaController)
[2017-01-22 03:22:07,025] DEBUG [Controller 0]: All shutting down brokers: 0 (kafka.controller.KafkaController)
[2017-01-22 03:22:07,026] DEBUG [Controller 0]: Live brokers:  (kafka.controller.KafkaController)
[2017-01-22 03:22:07,037] TRACE [Controller 0]: All leaders = [twitterStream,0] -> (Leader:0,ISR:0,LeaderEpoch:11,ControllerEpoch:17),[twitterstream,0] -> (Leader:0,ISR:0,LeaderEpoch:13,ControllerEpoch:17) (kafka.controller.KafkaController)
[2017-01-22 03:22:08,876] DEBUG [Controller 0]: Controller resigning, broker id 0 (kafka.controller.KafkaController)
[2017-01-22 03:22:08,876] DEBUG [Controller 0]: De-registering IsrChangeNotificationListener (kafka.controller.KafkaController)
[2017-01-22 03:22:08,880] INFO [Partition state machine on Controller 0]: Stopped partition state machine (kafka.controller.PartitionStateMachine)
[2017-01-22 03:22:08,880] INFO [Replica state machine on controller 0]: Stopped replica state machine (kafka.controller.ReplicaStateMachine)
[2017-01-22 03:22:08,883] INFO [Controller-0-to-broker-0-send-thread], Shutting down (kafka.controller.RequestSendThread)
[2017-01-22 03:22:08,884] INFO [Controller-0-to-broker-0-send-thread], Stopped  (kafka.controller.RequestSendThread)
[2017-01-22 03:22:08,884] INFO [Controller-0-to-broker-0-send-thread], Shutdown completed (kafka.controller.RequestSendThread)
[2017-01-22 03:22:08,885] INFO [Controller 0]: Broker 0 resigned as the controller (kafka.controller.KafkaController)
