[2017-01-22 03:09:03,804] INFO [Group Metadata Manager on Broker 0]: Removed 0 expired offsets in 0 milliseconds. (kafka.coordinator.GroupMetadataManager)
[2017-01-22 03:19:03,822] INFO [Group Metadata Manager on Broker 0]: Removed 0 expired offsets in 0 milliseconds. (kafka.coordinator.GroupMetadataManager)
[2017-01-22 03:22:06,988] INFO [Kafka Server 0], shutting down (kafka.server.KafkaServer)
[2017-01-22 03:22:06,995] INFO [Kafka Server 0], Starting controlled shutdown (kafka.server.KafkaServer)
[2017-01-22 03:22:07,041] INFO [Kafka Server 0], Controlled shutdown succeeded (kafka.server.KafkaServer)
[2017-01-22 03:22:07,046] INFO [Socket Server on Broker 0], Shutting down (kafka.network.SocketServer)
[2017-01-22 03:22:07,058] INFO [Socket Server on Broker 0], Shutdown completed (kafka.network.SocketServer)
[2017-01-22 03:22:07,059] INFO [Kafka Request Handler on Broker 0], shutting down (kafka.server.KafkaRequestHandlerPool)
[2017-01-22 03:22:07,064] INFO [Kafka Request Handler on Broker 0], shut down completely (kafka.server.KafkaRequestHandlerPool)
[2017-01-22 03:22:07,069] INFO [ThrottledRequestReaper-Produce], Shutting down (kafka.server.ClientQuotaManager$ThrottledRequestReaper)
[2017-01-22 03:22:07,193] INFO [ThrottledRequestReaper-Produce], Shutdown completed (kafka.server.ClientQuotaManager$ThrottledRequestReaper)
[2017-01-22 03:22:07,194] INFO [ThrottledRequestReaper-Produce], Stopped  (kafka.server.ClientQuotaManager$ThrottledRequestReaper)
[2017-01-22 03:22:07,194] INFO [ThrottledRequestReaper-Fetch], Shutting down (kafka.server.ClientQuotaManager$ThrottledRequestReaper)
[2017-01-22 03:22:08,181] INFO [ThrottledRequestReaper-Fetch], Stopped  (kafka.server.ClientQuotaManager$ThrottledRequestReaper)
[2017-01-22 03:22:08,181] INFO [ThrottledRequestReaper-Fetch], Shutdown completed (kafka.server.ClientQuotaManager$ThrottledRequestReaper)
[2017-01-22 03:22:08,182] INFO [KafkaApi-0] Shutdown complete. (kafka.server.KafkaApis)
[2017-01-22 03:22:08,184] INFO [Replica Manager on Broker 0]: Shutting down (kafka.server.ReplicaManager)
[2017-01-22 03:22:08,185] INFO [ReplicaFetcherManager on broker 0] shutting down (kafka.server.ReplicaFetcherManager)
[2017-01-22 03:22:08,187] INFO [ReplicaFetcherManager on broker 0] shutdown completed (kafka.server.ReplicaFetcherManager)
[2017-01-22 03:22:08,187] INFO [ExpirationReaper-0], Shutting down (kafka.server.DelayedOperationPurgatory$ExpiredOperationReaper)
[2017-01-22 03:22:08,317] INFO [ExpirationReaper-0], Stopped  (kafka.server.DelayedOperationPurgatory$ExpiredOperationReaper)
[2017-01-22 03:22:08,317] INFO [ExpirationReaper-0], Shutdown completed (kafka.server.DelayedOperationPurgatory$ExpiredOperationReaper)
[2017-01-22 03:22:08,318] INFO [ExpirationReaper-0], Shutting down (kafka.server.DelayedOperationPurgatory$ExpiredOperationReaper)
[2017-01-22 03:22:08,468] INFO [ExpirationReaper-0], Shutdown completed (kafka.server.DelayedOperationPurgatory$ExpiredOperationReaper)
[2017-01-22 03:22:08,468] INFO [ExpirationReaper-0], Stopped  (kafka.server.DelayedOperationPurgatory$ExpiredOperationReaper)
[2017-01-22 03:22:08,473] INFO [Replica Manager on Broker 0]: Shut down completely (kafka.server.ReplicaManager)
[2017-01-22 03:22:08,474] INFO Shutting down. (kafka.log.LogManager)
[2017-01-22 03:22:08,534] INFO Shutdown complete. (kafka.log.LogManager)
[2017-01-22 03:22:08,538] INFO [GroupCoordinator 0]: Shutting down. (kafka.coordinator.GroupCoordinator)
[2017-01-22 03:22:08,539] INFO [ExpirationReaper-0], Shutting down (kafka.server.DelayedOperationPurgatory$ExpiredOperationReaper)
[2017-01-22 03:22:08,668] INFO [ExpirationReaper-0], Stopped  (kafka.server.DelayedOperationPurgatory$ExpiredOperationReaper)
[2017-01-22 03:22:08,668] INFO [ExpirationReaper-0], Shutdown completed (kafka.server.DelayedOperationPurgatory$ExpiredOperationReaper)
[2017-01-22 03:22:08,669] INFO [ExpirationReaper-0], Shutting down (kafka.server.DelayedOperationPurgatory$ExpiredOperationReaper)
[2017-01-22 03:22:08,870] INFO [ExpirationReaper-0], Stopped  (kafka.server.DelayedOperationPurgatory$ExpiredOperationReaper)
[2017-01-22 03:22:08,870] INFO [ExpirationReaper-0], Shutdown completed (kafka.server.DelayedOperationPurgatory$ExpiredOperationReaper)
[2017-01-22 03:22:08,872] INFO [GroupCoordinator 0]: Shutdown complete. (kafka.coordinator.GroupCoordinator)
[2017-01-22 03:22:08,899] INFO [Kafka Server 0], shut down completed (kafka.server.KafkaServer)
